<?xml version="1.0" encoding="UTF-8"?>
<!-- Generated by org.testng.reporters.JUnitXMLReporter -->
<testsuite ignored="17" hostname="Nihar" failures="0" tests="1" name="Default test" time="4.839" errors="0" timestamp="2023-06-14T13:22:50 IST">
  <testcase classname="kartonline.test.TS_001RegisterFunctionalityTest" name="TC_RF_017" time="2.248"/>
  <testcase classname="kartonline.test.TS_001RegisterFunctionalityTest" name="TC_RF_020" time="0.0">
    <ignored/>
  </testcase> <!-- TC_RF_020 -->
  <testcase classname="kartonline.test.TS_001RegisterFunctionalityTest" name="TC_RF_001" time="0.0">
    <ignored/>
  </testcase> <!-- TC_RF_001 -->
  <testcase classname="kartonline.test.TS_001RegisterFunctionalityTest" name="TC_RF_012" time="0.0">
    <ignored/>
  </testcase> <!-- TC_RF_012 -->
  <testcase classname="kartonline.test.TS_001RegisterFunctionalityTest" name="TC_RF_011" time="0.0">
    <ignored/>
  </testcase> <!-- TC_RF_011 -->
  <testcase classname="kartonline.test.TS_001RegisterFunctionalityTest" name="TC_RF_014" time="0.0">
    <ignored/>
  </testcase> <!-- TC_RF_014 -->
  <testcase classname="kartonline.test.TS_001RegisterFunctionalityTest" name="TC_RF_003" time="0.0">
    <ignored/>
  </testcase> <!-- TC_RF_003 -->
  <testcase classname="kartonline.test.TS_001RegisterFunctionalityTest" name="TC_RF_002" time="0.0">
    <ignored/>
  </testcase> <!-- TC_RF_002 -->
  <testcase classname="kartonline.test.TS_001RegisterFunctionalityTest" name="TC_RF_016" time="0.0">
    <ignored/>
  </testcase> <!-- TC_RF_016 -->
  <testcase classname="kartonline.test.TS_001RegisterFunctionalityTest" name="TC_RF_005" time="0.0">
    <ignored/>
  </testcase> <!-- TC_RF_005 -->
  <testcase classname="kartonline.test.TS_001RegisterFunctionalityTest" name="TC_RF_004" time="0.0">
    <ignored/>
  </testcase> <!-- TC_RF_004 -->
  <testcase classname="kartonline.test.TS_001RegisterFunctionalityTest" name="TC_RF_015" time="0.0">
    <ignored/>
  </testcase> <!-- TC_RF_015 -->
  <testcase classname="kartonline.test.TS_001RegisterFunctionalityTest" name="TC_RF_007" time="0.0">
    <ignored/>
  </testcase> <!-- TC_RF_007 -->
  <testcase classname="kartonline.test.TS_001RegisterFunctionalityTest" name="TC_RF_018" time="0.0">
    <ignored/>
  </testcase> <!-- TC_RF_018 -->
  <testcase classname="kartonline.test.TS_001RegisterFunctionalityTest" name="TC_RF_006" time="0.0">
    <ignored/>
  </testcase> <!-- TC_RF_006 -->
  <testcase classname="kartonline.test.TS_001RegisterFunctionalityTest" name="TC_RF_009" time="0.0">
    <ignored/>
  </testcase> <!-- TC_RF_009 -->
  <testcase classname="kartonline.test.TS_001RegisterFunctionalityTest" name="TC_RF_008" time="0.0">
    <ignored/>
  </testcase> <!-- TC_RF_008 -->
  <testcase classname="kartonline.test.TS_001RegisterFunctionalityTest" name="TC_RF_019" time="0.0">
    <ignored/>
  </testcase> <!-- TC_RF_019 -->
</testsuite> <!-- Default test -->
