<?xml version="1.0" encoding="UTF-8"?>
<!-- Generated by org.testng.reporters.JUnitXMLReporter -->
<testsuite ignored="0" hostname="Nihar" failures="0" tests="6" name="Login Functionality" time="19.039" errors="0" timestamp="2023-06-05T01:52:08 IST">
  <testcase classname="kartonline.test.TS_002LoginFunctionalityTest" name="TC_LF_001" time="5.529"/>
  <testcase classname="kartonline.test.TS_002LoginFunctionalityTest" name="TC_LF_002" time="0.628"/>
  <testcase classname="kartonline.test.TS_002LoginFunctionalityTest" name="TC_LF_003" time="0.637"/>
  <testcase classname="kartonline.test.TS_002LoginFunctionalityTest" name="TC_LF_004" time="0.675"/>
  <testcase classname="kartonline.test.TS_002LoginFunctionalityTest" name="TC_LF_005" time="0.571"/>
  <testcase classname="kartonline.test.TS_002LoginFunctionalityTest" name="TC_LF_006" time="3.763"/>
</testsuite> <!-- Login Functionality -->
