<?xml version="1.0" encoding="UTF-8"?>
<!-- Generated by org.testng.reporters.JUnitXMLReporter -->
<testsuite ignored="1" hostname="Nihar" failures="1" tests="17" name="Register Functionality" time="101.435" errors="0" timestamp="2023-06-05T01:51:49 IST">
  <testcase classname="kartonline.test.TS_001RegisterFunctionalityTest" name="TC_RF_001" time="1.828"/>
  <testcase classname="kartonline.test.TS_001RegisterFunctionalityTest" name="TC_RF_003" time="1.691"/>
  <testcase classname="kartonline.test.TS_001RegisterFunctionalityTest" name="TC_RF_004" time="1.039"/>
  <testcase classname="kartonline.test.TS_001RegisterFunctionalityTest" name="TC_RF_005" time="2.263"/>
  <testcase classname="kartonline.test.TS_001RegisterFunctionalityTest" name="TC_RF_006" time="7.19"/>
  <testcase classname="kartonline.test.TS_001RegisterFunctionalityTest" name="TC_RF_007" time="0.338"/>
  <testcase classname="kartonline.test.TS_001RegisterFunctionalityTest" name="TC_RF_008" time="0.56"/>
  <testcase classname="kartonline.test.TS_001RegisterFunctionalityTest" name="TC_RF_009" time="0.568"/>
  <testcase classname="kartonline.test.TS_001RegisterFunctionalityTest" name="TC_RF_011" time="1.15"/>
  <testcase classname="kartonline.test.TS_001RegisterFunctionalityTest" name="TC_RF_012" time="29.584"/>
  <testcase classname="kartonline.test.TS_001RegisterFunctionalityTest" name="TC_RF_014" time="1.233"/>
  <testcase classname="kartonline.test.TS_001RegisterFunctionalityTest" name="TC_RF_015" time="0.412"/>
  <testcase classname="kartonline.test.TS_001RegisterFunctionalityTest" name="TC_RF_016" time="0.423"/>
  <testcase classname="kartonline.test.TS_001RegisterFunctionalityTest" name="TC_RF_017" time="1.759"/>
  <testcase classname="kartonline.test.TS_001RegisterFunctionalityTest" name="TC_RF_018" time="1.28"/>
  <testcase classname="kartonline.test.TS_001RegisterFunctionalityTest" name="TC_RF_019" time="17.913">
    <failure type="org.openqa.selenium.NoSuchElementException" message="no such element: Unable to locate element: {&amp;quot;method&amp;quot;:&amp;quot;xpath&amp;quot;,&amp;quot;selector&amp;quot;:&amp;quot;//div[@id=&amp;apos;error-password&amp;apos;]&amp;quot;}
  (Session info: chrome=113.0.5672.129)
For documentation on this error, please visit: https://selenium.dev/exceptions/#no_such_element
Build info: version: &amp;apos;4.9.1&amp;apos;, revision: &amp;apos;eb2032df7f&amp;apos;
System info: os.name: &amp;apos;Windows 11&amp;apos;, os.arch: &amp;apos;amd64&amp;apos;, os.version: &amp;apos;10.0&amp;apos;, java.version: &amp;apos;17.0.7&amp;apos;
Driver info: org.openqa.selenium.chrome.ChromeDriver
Command: [71144f5bcfb30019388faa62dc84e4d8, findElement {using=xpath, value=//div[@id=&amp;apos;error-password&amp;apos;]}]
Capabilities {acceptInsecureCerts: false, browserName: chrome, browserVersion: 113.0.5672.129, chrome: {chromedriverVersion: 113.0.5672.63 (0e1a4471d5ae..., userDataDir: C:\Users\nihar\AppData\Loca...}, goog:chromeOptions: {debuggerAddress: localhost:50183}, networkConnectionEnabled: false, pageLoadStrategy: normal, platformName: windows, proxy: Proxy(), se:cdp: ws://localhost:50183/devtoo..., se:cdpVersion: 113.0.5672.129, setWindowRect: true, strictFileInteractability: false, timeouts: {implicit: 0, pageLoad: 300000, script: 30000}, unhandledPromptBehavior: dismiss and notify, webauthn:extension:credBlob: true, webauthn:extension:largeBlob: true, webauthn:extension:minPinLength: true, webauthn:extension:prf: true, webauthn:virtualAuthenticators: true}
Session ID: 71144f5bcfb30019388faa62dc84e4d8">
      <![CDATA[org.openqa.selenium.NoSuchElementException: no such element: Unable to locate element: {"method":"xpath","selector":"//div[@id='error-password']"}
  (Session info: chrome=113.0.5672.129)
For documentation on this error, please visit: https://selenium.dev/exceptions/#no_such_element
Build info: version: '4.9.1', revision: 'eb2032df7f'
System info: os.name: 'Windows 11', os.arch: 'amd64', os.version: '10.0', java.version: '17.0.7'
Driver info: org.openqa.selenium.chrome.ChromeDriver
Command: [71144f5bcfb30019388faa62dc84e4d8, findElement {using=xpath, value=//div[@id='error-password']}]
Capabilities {acceptInsecureCerts: false, browserName: chrome, browserVersion: 113.0.5672.129, chrome: {chromedriverVersion: 113.0.5672.63 (0e1a4471d5ae..., userDataDir: C:\Users\nihar\AppData\Loca...}, goog:chromeOptions: {debuggerAddress: localhost:50183}, networkConnectionEnabled: false, pageLoadStrategy: normal, platformName: windows, proxy: Proxy(), se:cdp: ws://localhost:50183/devtoo..., se:cdpVersion: 113.0.5672.129, setWindowRect: true, strictFileInteractability: false, timeouts: {implicit: 0, pageLoad: 300000, script: 30000}, unhandledPromptBehavior: dismiss and notify, webauthn:extension:credBlob: true, webauthn:extension:largeBlob: true, webauthn:extension:minPinLength: true, webauthn:extension:prf: true, webauthn:virtualAuthenticators: true}
Session ID: 71144f5bcfb30019388faa62dc84e4d8
at org.openqa.selenium.remote.codec.w3c.W3CHttpResponseCodec.createException(W3CHttpResponseCodec.java:200)
at org.openqa.selenium.remote.codec.w3c.W3CHttpResponseCodec.decode(W3CHttpResponseCodec.java:133)
at org.openqa.selenium.remote.codec.w3c.W3CHttpResponseCodec.decode(W3CHttpResponseCodec.java:53)
at org.openqa.selenium.remote.HttpCommandExecutor.execute(HttpCommandExecutor.java:193)
at org.openqa.selenium.remote.service.DriverCommandExecutor.invokeExecute(DriverCommandExecutor.java:183)
at org.openqa.selenium.remote.service.DriverCommandExecutor.execute(DriverCommandExecutor.java:158)
at org.openqa.selenium.remote.RemoteWebDriver.execute(RemoteWebDriver.java:543)
at org.openqa.selenium.remote.ElementLocation$ElementFinder$2.findElement(ElementLocation.java:162)
at org.openqa.selenium.remote.ElementLocation.findElement(ElementLocation.java:60)
at org.openqa.selenium.remote.RemoteWebDriver.findElement(RemoteWebDriver.java:352)
at org.openqa.selenium.remote.RemoteWebDriver.findElement(RemoteWebDriver.java:344)
at org.openqa.selenium.support.pagefactory.DefaultElementLocator.findElement(DefaultElementLocator.java:70)
at org.openqa.selenium.support.pagefactory.internal.LocatingElementHandler.invoke(LocatingElementHandler.java:39)
at jdk.proxy2/jdk.proxy2.$Proxy17.getText(Unknown Source)
at kartonline.test.TS_001RegisterFunctionalityTest.TC_RF_019(TS_001RegisterFunctionalityTest.java:261)
at java.base/java.util.ArrayList.forEach(ArrayList.java:1511)
... Removed 32 stack frames]]>
    </failure>
  </testcase> <!-- TC_RF_019 -->
  <testcase classname="kartonline.test.TS_001RegisterFunctionalityTest" name="TC_RF_020" time="10.326"/>
  <testcase classname="kartonline.test.TS_001RegisterFunctionalityTest" name="TC_RF_002" time="0.0">
    <ignored/>
  </testcase> <!-- TC_RF_002 -->
</testsuite> <!-- Register Functionality -->
