<?xml version="1.0" encoding="UTF-8"?>
<!-- Generated by org.testng.reporters.JUnitXMLReporter -->
<testsuite ignored="2" hostname="Nihar" failures="1" tests="2" name="Session out functionality" time="6.386" errors="0" timestamp="2023-05-03T00:51:55 IST">
  <testcase classname="kartonline.test.TS_003LogoutFunctionalityTest" name="TC_LG_003_LoginTest" time="0.868"/>
  <testcase classname="kartonline.test.TS_003LogoutFunctionalityTest" name="TC_LG_003_SessionTest" time="0.002">
    <failure type="java.lang.NullPointerException" message="Cannot invoke &amp;quot;org.openqa.selenium.WebDriver.getCurrentUrl()&amp;quot; because &amp;quot;this.driver&amp;quot; is null">
      <![CDATA[java.lang.NullPointerException: Cannot invoke "org.openqa.selenium.WebDriver.getCurrentUrl()" because "this.driver" is null
at kartonline.test.TS_003LogoutFunctionalityTest.TC_LG_003_SessionTest(TS_003LogoutFunctionalityTest.java:47)
at java.base/java.util.ArrayList.forEach(ArrayList.java:1511)
... Removed 27 stack frames]]>
    </failure>
  </testcase> <!-- TC_LG_003_SessionTest -->
  <testcase classname="kartonline.test.TS_003LogoutFunctionalityTest" name="TC_LG_002" time="0.0">
    <ignored/>
  </testcase> <!-- TC_LG_002 -->
  <testcase classname="kartonline.test.TS_003LogoutFunctionalityTest" name="TC_LG_001" time="0.0">
    <ignored/>
  </testcase> <!-- TC_LG_001 -->
</testsuite> <!-- Session out functionality -->
