<?xml version="1.0" encoding="UTF-8"?>
<testng-results ignored="17" total="18" passed="1" failed="0" skipped="0">
  <reporter-output>
  </reporter-output>
  <suite started-at="2023-06-14T13:22:45 IST" name="Default suite" finished-at="2023-06-14T13:22:50 IST" duration-ms="4839">
    <groups>
    </groups>
    <test started-at="2023-06-14T13:22:45 IST" name="Default test" finished-at="2023-06-14T13:22:50 IST" duration-ms="4839">
      <class name="kartonline.test.TS_001RegisterFunctionalityTest">
        <test-method is-config="true" signature="launchApplication()[pri:0, instance:kartonline.test.TS_001RegisterFunctionalityTest@7ec7ffd3]" started-at="2023-06-14T13:22:45 IST" name="launchApplication" finished-at="2023-06-14T13:22:47 IST" duration-ms="2328" status="PASS">
          <reporter-output>
          </reporter-output>
        </test-method> <!-- launchApplication -->
        <test-method signature="TC_RF_017()[pri:0, instance:kartonline.test.TS_001RegisterFunctionalityTest@7ec7ffd3]" started-at="2023-06-14T13:22:47 IST" name="TC_RF_017" finished-at="2023-06-14T13:22:49 IST" duration-ms="2248" status="PASS">
          <reporter-output>
          </reporter-output>
        </test-method> <!-- TC_RF_017 -->
        <test-method is-config="true" signature="tearDown()[pri:0, instance:kartonline.test.TS_001RegisterFunctionalityTest@7ec7ffd3]" started-at="2023-06-14T13:22:49 IST" name="tearDown" finished-at="2023-06-14T13:22:50 IST" duration-ms="228" status="PASS">
          <reporter-output>
          </reporter-output>
        </test-method> <!-- tearDown -->
      </class> <!-- kartonline.test.TS_001RegisterFunctionalityTest -->
    </test> <!-- Default test -->
  </suite> <!-- Default suite -->
</testng-results>
